app/build/intermediates/manifest_merge_blame_file/release/manifest-merger-blame-release-report.txt
1<?xml version="1.0" encoding="utf-8"?>
2<manifest xmlns:android="http://schemas.android.com/apk/res/android"
3    package="com.xmod.developer.inc"
4    android:versionCode="3"
5    android:versionName="2.0" >
6
7    <uses-sdk
8        android:minSdkVersion="19"
8-->src\main\AndroidManifest.xml
9        android:targetSdkVersion="27" />
9-->src\main\AndroidManifest.xml
10
11    <uses-permission android:name="android.permission.INTERNET" />
11-->src\main\AndroidManifest.xml:5:2-63
11-->src\main\AndroidManifest.xml:5:19-61
12    <uses-permission android:name="android.permission.VIBRATE" />
12-->src\main\AndroidManifest.xml:6:2-62
12-->src\main\AndroidManifest.xml:6:19-60
13    <uses-permission android:name="android.permission.ACCESS_NETWORK_STATE" />
13-->src\main\AndroidManifest.xml:7:2-75
13-->src\main\AndroidManifest.xml:7:19-73
14    <uses-permission android:name="android.permission.READ_EXTERNAL_STORAGE" />
14-->src\main\AndroidManifest.xml:8:2-76
14-->src\main\AndroidManifest.xml:8:19-74
15    <uses-permission android:name="android.permission.WRITE_EXTERNAL_STORAGE" />
15-->src\main\AndroidManifest.xml:9:2-77
15-->src\main\AndroidManifest.xml:9:19-75
16    <uses-permission android:name="android.permission.WAKE_LOCK" />
16-->[com.google.firebase:firebase-measurement-connector-impl:15.0.0] AndroidManifest.xml:24:5-68
16-->[com.google.firebase:firebase-measurement-connector-impl:15.0.0] AndroidManifest.xml:24:22-65
17    <uses-permission android:name="com.google.android.finsky.permission.BIND_GET_INSTALL_REFERRER_SERVICE" /> <!-- Required by older versions of Google Play services to create IID tokens -->
17-->[com.google.firebase:firebase-analytics:15.0.2] AndroidManifest.xml:26:5-110
17-->[com.google.firebase:firebase-analytics:15.0.2] AndroidManifest.xml:26:22-107
18    <uses-permission android:name="com.google.android.c2dm.permission.RECEIVE" />
18-->[com.google.firebase:firebase-iid:15.1.0] AndroidManifest.xml:26:5-82
18-->[com.google.firebase:firebase-iid:15.1.0] AndroidManifest.xml:26:22-79
19
20    <permission
20-->[com.google.firebase:firebase-iid:15.1.0] AndroidManifest.xml:28:5-30:47
21        android:name="com.xmod.developer.inc.permission.C2D_MESSAGE"
21-->[com.google.firebase:firebase-iid:15.1.0] AndroidManifest.xml:29:9-63
22        android:protectionLevel="signature" />
22-->[com.google.firebase:firebase-iid:15.1.0] AndroidManifest.xml:30:9-44
23
24    <uses-permission android:name="com.xmod.developer.inc.permission.C2D_MESSAGE" />
24-->[com.google.firebase:firebase-iid:15.1.0] AndroidManifest.xml:32:5-79
24-->[com.google.firebase:firebase-iid:15.1.0] AndroidManifest.xml:32:22-76
25
26    <application
26-->src\main\AndroidManifest.xml:10:2-82:16
27        android:allowBackup="true"
27-->src\main\AndroidManifest.xml:11:3-29
28        android:icon="@drawable/app_icon"
28-->src\main\AndroidManifest.xml:13:3-36
29        android:label="YouTube Storage"
29-->src\main\AndroidManifest.xml:12:3-34
30        android:largeHeap="true"
30-->src\main\AndroidManifest.xml:14:3-27
31        android:theme="@style/AppTheme" >
31-->src\main\AndroidManifest.xml:15:3-34
32        <meta-data
32-->src\main\AndroidManifest.xml:18:3-20:61
33            android:name="com.google.android.gms.ads.APPLICATION_ID"
33-->src\main\AndroidManifest.xml:19:4-60
34            android:value="ca-app-pub-4377139267165661~7767037784" />
34-->src\main\AndroidManifest.xml:20:4-58
35
36        <activity
36-->src\main\AndroidManifest.xml:23:3-31:14
37            android:name="com.xmod.developer.inc1.MainActivity"
37-->src\main\AndroidManifest.xml:24:4-32
38            android:configChanges="orientation|screenSize"
38-->src\main\AndroidManifest.xml:25:4-50
39            android:windowSoftInputMode="stateHidden" >
39-->src\main\AndroidManifest.xml:26:4-45
40            <intent-filter>
40-->src\main\AndroidManifest.xml:27:4-30:20
41                <action android:name="android.intent.action.MAIN" />
41-->src\main\AndroidManifest.xml:28:5-56
41-->src\main\AndroidManifest.xml:28:13-54
42
43                <category android:name="android.intent.category.LAUNCHER" />
43-->src\main\AndroidManifest.xml:29:5-64
43-->src\main\AndroidManifest.xml:29:15-62
44            </intent-filter>
45        </activity>
46        <activity
46-->src\main\AndroidManifest.xml:32:3-34:52
47            android:name="com.xmod.developer.inc1.VideoActivity"
47-->src\main\AndroidManifest.xml:33:4-33
48            android:configChanges="orientation|screenSize" />
48-->src\main\AndroidManifest.xml:34:4-50
49        <activity
49-->src\main\AndroidManifest.xml:35:3-37:52
50            android:name="com.xmod.developer.inc1.AudioActivity"
50-->src\main\AndroidManifest.xml:36:4-33
51            android:configChanges="orientation|screenSize" />
51-->src\main\AndroidManifest.xml:37:4-50
52        <activity
52-->src\main\AndroidManifest.xml:38:3-42:47
53            android:name="com.xmod.developer.inc1.SplashActivity"
53-->src\main\AndroidManifest.xml:39:4-34
54            android:configChanges="orientation|screenSize"
54-->src\main\AndroidManifest.xml:40:4-50
55            android:theme="@style/AppTheme.FullScreen"
55-->src\main\AndroidManifest.xml:41:4-46
56            android:windowSoftInputMode="stateHidden" />
56-->src\main\AndroidManifest.xml:42:4-45
57        <activity
57-->src\main\AndroidManifest.xml:43:3-47:47
58            android:name="com.xmod.developer.inc1.Splash2Activity"
58-->src\main\AndroidManifest.xml:44:4-35
59            android:configChanges="orientation|screenSize"
59-->src\main\AndroidManifest.xml:45:4-50
60            android:theme="@style/AppTheme.FullScreen"
60-->src\main\AndroidManifest.xml:46:4-46
61            android:windowSoftInputMode="stateHidden" />
61-->src\main\AndroidManifest.xml:47:4-45
62        <activity
62-->src\main\AndroidManifest.xml:48:3-52:42
63            android:name="com.xmod.developer.inc1.AcilisActivity"
63-->src\main\AndroidManifest.xml:49:4-34
64            android:configChanges="orientation|screenSize"
64-->src\main\AndroidManifest.xml:50:4-50
65            android:screenOrientation="portrait"
65-->src\main\AndroidManifest.xml:52:4-40
66            android:theme="@style/AppTheme.FullScreen" />
66-->src\main\AndroidManifest.xml:51:4-46
67        <activity
67-->src\main\AndroidManifest.xml:53:3-57:42
68            android:name="com.xmod.developer.inc1.XmodhakkindaActivity"
68-->src\main\AndroidManifest.xml:54:4-40
69            android:configChanges="orientation|screenSize"
69-->src\main\AndroidManifest.xml:55:4-50
70            android:screenOrientation="portrait"
70-->src\main\AndroidManifest.xml:57:4-40
71            android:theme="@style/AppTheme.FullScreen" />
71-->src\main\AndroidManifest.xml:56:4-46
72        <activity
72-->src\main\AndroidManifest.xml:58:3-61:42
73            android:name="com.xmod.developer.inc1.MailsendxmodActivity"
73-->src\main\AndroidManifest.xml:59:4-40
74            android:configChanges="orientation|screenSize"
74-->src\main\AndroidManifest.xml:60:4-50
75            android:screenOrientation="portrait" />
75-->src\main\AndroidManifest.xml:61:4-40
76        <activity
76-->src\main\AndroidManifest.xml:62:3-66:47
77            android:name="com.xmod.developer.inc1.YenilikActivity"
77-->src\main\AndroidManifest.xml:63:4-35
78            android:configChanges="orientation|screenSize"
78-->src\main\AndroidManifest.xml:64:4-50
79            android:theme="@style/AppTheme.FullScreen"
79-->src\main\AndroidManifest.xml:65:4-46
80            android:windowSoftInputMode="stateHidden" />
80-->src\main\AndroidManifest.xml:66:4-45
81        <activity
81-->src\main\AndroidManifest.xml:67:3-70:54
82            android:name="com.google.android.gms.ads.AdActivity"
82-->src\main\AndroidManifest.xml:68:4-56
83            android:configChanges="keyboard|keyboardHidden|orientation|screenLayout|uiMode|screenSize|smallestScreenSize"
83-->src\main\AndroidManifest.xml:69:4-113
84            android:exported="false"
84-->[com.google.android.gms:play-services-ads-lite:15.0.1] AndroidManifest.xml:32:13-37
85            android:theme="@android:style/Theme.Translucent" />
85-->src\main\AndroidManifest.xml:70:4-52
86
87        <meta-data
87-->src\main\AndroidManifest.xml:71:3-73:59
88            android:name="com.google.android.gms.version"
88-->src\main\AndroidManifest.xml:72:4-49
89            android:value="@integer/google_play_services_version" />
89-->src\main\AndroidManifest.xml:73:4-57
90
91        <provider
91-->src\main\AndroidManifest.xml:74:3-78:29
92            android:name="com.google.firebase.provider.FirebaseInitProvider"
92-->src\main\AndroidManifest.xml:75:4-68
93            android:authorities="com.xmod.developer.inc.firebaseinitprovider"
93-->src\main\AndroidManifest.xml:76:4-69
94            android:exported="false"
94-->src\main\AndroidManifest.xml:77:4-28
95            android:initOrder="100" />
95-->src\main\AndroidManifest.xml:78:4-27
96
97        <uses-library
97-->src\main\AndroidManifest.xml:79:3-81:30
98            android:name="org.apache.http.legacy"
98-->src\main\AndroidManifest.xml:80:4-41
99            android:required="false" />
99-->src\main\AndroidManifest.xml:81:4-28
100
101        <activity
101-->[com.google.firebase:firebase-auth:15.0.0] AndroidManifest.xml:23:9-29:75
102            android:name="com.google.firebase.auth.internal.FederatedSignInActivity"
102-->[com.google.firebase:firebase-auth:15.0.0] AndroidManifest.xml:24:13-85
103            android:excludeFromRecents="true"
103-->[com.google.firebase:firebase-auth:15.0.0] AndroidManifest.xml:25:13-46
104            android:exported="true"
104-->[com.google.firebase:firebase-auth:15.0.0] AndroidManifest.xml:26:13-36
105            android:launchMode="singleInstance"
105-->[com.google.firebase:firebase-auth:15.0.0] AndroidManifest.xml:27:13-48
106            android:permission="com.google.firebase.auth.api.gms.permission.LAUNCH_FEDERATED_SIGN_IN"
106-->[com.google.firebase:firebase-auth:15.0.0] AndroidManifest.xml:28:13-102
107            android:theme="@android:style/Theme.Translucent.NoTitleBar" />
107-->[com.google.firebase:firebase-auth:15.0.0] AndroidManifest.xml:29:13-72
108
109        <service android:name="com.google.firebase.components.ComponentDiscoveryService" >
109-->[com.google.firebase:firebase-measurement-connector-impl:15.0.0] AndroidManifest.xml:27:9-31:19
109-->[com.google.firebase:firebase-measurement-connector-impl:15.0.0] AndroidManifest.xml:27:18-89
110            <meta-data
110-->[com.google.firebase:firebase-measurement-connector-impl:15.0.0] AndroidManifest.xml:28:13-30:85
111                android:name="com.google.firebase.components:com.google.firebase.analytics.connector.internal.AnalyticsConnectorRegistrar"
111-->[com.google.firebase:firebase-measurement-connector-impl:15.0.0] AndroidManifest.xml:29:17-139
112                android:value="com.google.firebase.components.ComponentRegistrar" />
112-->[com.google.firebase:firebase-measurement-connector-impl:15.0.0] AndroidManifest.xml:30:17-82
113            <meta-data
113-->[com.google.firebase:firebase-iid:15.1.0] AndroidManifest.xml:36:13-38:85
114                android:name="com.google.firebase.components:com.google.firebase.iid.Registrar"
114-->[com.google.firebase:firebase-iid:15.1.0] AndroidManifest.xml:37:17-96
115                android:value="com.google.firebase.components.ComponentRegistrar" />
115-->[com.google.firebase:firebase-iid:15.1.0] AndroidManifest.xml:38:17-82
116        </service>
117
118        <receiver
118-->[com.google.firebase:firebase-analytics:15.0.2] AndroidManifest.xml:29:9-33:20
119            android:name="com.google.android.gms.measurement.AppMeasurementReceiver"
119-->[com.google.firebase:firebase-analytics:15.0.2] AndroidManifest.xml:30:13-85
120            android:enabled="true"
120-->[com.google.firebase:firebase-analytics:15.0.2] AndroidManifest.xml:31:13-35
121            android:exported="false" >
121-->[com.google.firebase:firebase-analytics:15.0.2] AndroidManifest.xml:32:13-37
122        </receiver>
123        <receiver
123-->[com.google.firebase:firebase-analytics:15.0.2] AndroidManifest.xml:34:9-42:20
124            android:name="com.google.android.gms.measurement.AppMeasurementInstallReferrerReceiver"
124-->[com.google.firebase:firebase-analytics:15.0.2] AndroidManifest.xml:35:13-100
125            android:enabled="true"
125-->[com.google.firebase:firebase-analytics:15.0.2] AndroidManifest.xml:36:13-35
126            android:exported="true"
126-->[com.google.firebase:firebase-analytics:15.0.2] AndroidManifest.xml:37:13-36
127            android:permission="android.permission.INSTALL_PACKAGES" >
127-->[com.google.firebase:firebase-analytics:15.0.2] AndroidManifest.xml:38:13-69
128            <intent-filter>
128-->[com.google.firebase:firebase-analytics:15.0.2] AndroidManifest.xml:39:13-41:29
129                <action android:name="com.android.vending.INSTALL_REFERRER" />
129-->[com.google.firebase:firebase-analytics:15.0.2] AndroidManifest.xml:40:17-79
129-->[com.google.firebase:firebase-analytics:15.0.2] AndroidManifest.xml:40:25-76
130            </intent-filter>
131        </receiver>
132
133        <service
133-->[com.google.firebase:firebase-analytics:15.0.2] AndroidManifest.xml:44:9-47:40
134            android:name="com.google.android.gms.measurement.AppMeasurementService"
134-->[com.google.firebase:firebase-analytics:15.0.2] AndroidManifest.xml:45:13-84
135            android:enabled="true"
135-->[com.google.firebase:firebase-analytics:15.0.2] AndroidManifest.xml:46:13-35
136            android:exported="false" />
136-->[com.google.firebase:firebase-analytics:15.0.2] AndroidManifest.xml:47:13-37
137        <service
137-->[com.google.firebase:firebase-analytics:15.0.2] AndroidManifest.xml:48:9-52:72
138            android:name="com.google.android.gms.measurement.AppMeasurementJobService"
138-->[com.google.firebase:firebase-analytics:15.0.2] AndroidManifest.xml:49:13-87
139            android:enabled="true"
139-->[com.google.firebase:firebase-analytics:15.0.2] AndroidManifest.xml:50:13-35
140            android:exported="false"
140-->[com.google.firebase:firebase-analytics:15.0.2] AndroidManifest.xml:51:13-37
141            android:permission="android.permission.BIND_JOB_SERVICE" />
141-->[com.google.firebase:firebase-analytics:15.0.2] AndroidManifest.xml:52:13-69
142
143        <receiver
143-->[com.google.firebase:firebase-iid:15.1.0] AndroidManifest.xml:41:9-50:20
144            android:name="com.google.firebase.iid.FirebaseInstanceIdReceiver"
144-->[com.google.firebase:firebase-iid:15.1.0] AndroidManifest.xml:42:13-78
145            android:exported="true"
145-->[com.google.firebase:firebase-iid:15.1.0] AndroidManifest.xml:43:13-36
146            android:permission="com.google.android.c2dm.permission.SEND" >
146-->[com.google.firebase:firebase-iid:15.1.0] AndroidManifest.xml:44:13-73
147            <intent-filter>
147-->[com.google.firebase:firebase-iid:15.1.0] AndroidManifest.xml:45:13-49:29
148                <action android:name="com.google.android.c2dm.intent.RECEIVE" />
148-->[com.google.firebase:firebase-iid:15.1.0] AndroidManifest.xml:46:17-81
148-->[com.google.firebase:firebase-iid:15.1.0] AndroidManifest.xml:46:25-78
149
150                <category android:name="com.xmod.developer.inc" />
150-->[com.google.firebase:firebase-iid:15.1.0] AndroidManifest.xml:48:17-61
150-->[com.google.firebase:firebase-iid:15.1.0] AndroidManifest.xml:48:27-58
151            </intent-filter>
152        </receiver>
153        <!--
154             FirebaseInstanceIdService performs security checks at runtime,
155             no need for explicit permissions despite exported="true"
156        -->
157        <service
157-->[com.google.firebase:firebase-iid:15.1.0] AndroidManifest.xml:56:9-62:19
158            android:name="com.google.firebase.iid.FirebaseInstanceIdService"
158-->[com.google.firebase:firebase-iid:15.1.0] AndroidManifest.xml:57:13-77
159            android:exported="true" >
159-->[com.google.firebase:firebase-iid:15.1.0] AndroidManifest.xml:58:13-36
160            <intent-filter android:priority="-500" >
160-->[com.google.firebase:firebase-iid:15.1.0] AndroidManifest.xml:59:13-61:29
160-->[com.google.firebase:firebase-iid:15.1.0] AndroidManifest.xml:59:28-51
161                <action android:name="com.google.firebase.INSTANCE_ID_EVENT" />
161-->[com.google.firebase:firebase-iid:15.1.0] AndroidManifest.xml:60:17-80
161-->[com.google.firebase:firebase-iid:15.1.0] AndroidManifest.xml:60:25-77
162            </intent-filter>
163        </service>
164
165        <activity
165-->[com.google.android.gms:play-services-base:15.0.1] AndroidManifest.xml:23:9-26:75
166            android:name="com.google.android.gms.common.api.GoogleApiActivity"
166-->[com.google.android.gms:play-services-base:15.0.1] AndroidManifest.xml:24:13-79
167            android:exported="false"
167-->[com.google.android.gms:play-services-base:15.0.1] AndroidManifest.xml:25:13-37
168            android:theme="@android:style/Theme.Translucent.NoTitleBar" />
168-->[com.google.android.gms:play-services-base:15.0.1] AndroidManifest.xml:26:13-72
169    </application>
170
171</manifest>